<?xml version="1.0" encoding="UTF-8"?>
<testsuite name="Example" tests="1" skipped="0" failures="0" errors="0" timestamp="2025-07-31T09:47:04" hostname="01hw1105382" time="0.023">
  <properties/>
  <testcase name="sampleTest()" classname="Example" time="0.023"/>
  <system-out><![CDATA[]]></system-out>
  <system-err><![CDATA[]]></system-err>
</testsuite>
